2021-03-17 22:02:22 INFO  Base:30 - End Point : /oauth2/token
2021-03-17 22:02:24 DEBUG BasicClientConnectionManager:161 - Get connection for route {s}->https://5x9m5ed0tj.execute-api.us-east-1.amazonaws.com:443
2021-03-17 22:02:24 DEBUG DefaultClientConnectionOperator:177 - Connecting to 5x9m5ed0tj.execute-api.us-east-1.amazonaws.com:443
2021-03-17 22:02:24 DEBUG RequestAddCookies:123 - CookieSpec selected: ignoreCookies
2021-03-17 22:02:24 DEBUG RequestAuthCache:77 - Auth cache not set in the context
2021-03-17 22:02:24 DEBUG RequestProxyAuthentication:89 - Proxy auth state: UNCHALLENGED
2021-03-17 22:02:24 DEBUG DefaultHttpClient:682 - Attempt 1 to execute request
2021-03-17 22:02:24 DEBUG DefaultClientConnection:274 - Sending request: GET /test/people HTTP/1.1
2021-03-17 22:02:24 DEBUG wire:73 -  >> "GET /test/people HTTP/1.1[\r][\n]"
2021-03-17 22:02:24 DEBUG wire:73 -  >> "Content-Type: application/json; charset=UTF-8[\r][\n]"
2021-03-17 22:02:24 DEBUG wire:73 -  >> "Authorization: Bearer null[\r][\n]"
2021-03-17 22:02:24 DEBUG wire:73 -  >> "Accept: */*[\r][\n]"
2021-03-17 22:02:24 DEBUG wire:73 -  >> "Host: 5x9m5ed0tj.execute-api.us-east-1.amazonaws.com[\r][\n]"
2021-03-17 22:02:24 DEBUG wire:73 -  >> "Connection: Keep-Alive[\r][\n]"
2021-03-17 22:02:24 DEBUG wire:73 -  >> "User-Agent: Apache-HttpClient/4.5.3 (Java/1.8.0_275)[\r][\n]"
2021-03-17 22:02:24 DEBUG wire:73 -  >> "Accept-Encoding: gzip,deflate[\r][\n]"
2021-03-17 22:02:24 DEBUG wire:73 -  >> "[\r][\n]"
2021-03-17 22:02:24 DEBUG headers:278 - >> GET /test/people HTTP/1.1
2021-03-17 22:02:24 DEBUG headers:281 - >> Content-Type: application/json; charset=UTF-8
2021-03-17 22:02:24 DEBUG headers:281 - >> Authorization: Bearer null
2021-03-17 22:02:24 DEBUG headers:281 - >> Accept: */*
2021-03-17 22:02:24 DEBUG headers:281 - >> Host: 5x9m5ed0tj.execute-api.us-east-1.amazonaws.com
2021-03-17 22:02:24 DEBUG headers:281 - >> Connection: Keep-Alive
2021-03-17 22:02:24 DEBUG headers:281 - >> User-Agent: Apache-HttpClient/4.5.3 (Java/1.8.0_275)
2021-03-17 22:02:24 DEBUG headers:281 - >> Accept-Encoding: gzip,deflate
2021-03-17 22:02:24 DEBUG wire:73 -  << "HTTP/1.1 401 Unauthorized[\r][\n]"
2021-03-17 22:02:24 DEBUG wire:73 -  << "Date: Thu, 18 Mar 2021 02:02:24 GMT[\r][\n]"
2021-03-17 22:02:24 DEBUG wire:73 -  << "Content-Type: application/json[\r][\n]"
2021-03-17 22:02:24 DEBUG wire:73 -  << "Content-Length: 26[\r][\n]"
2021-03-17 22:02:24 DEBUG wire:73 -  << "Connection: keep-alive[\r][\n]"
2021-03-17 22:02:24 DEBUG wire:73 -  << "x-amzn-RequestId: 69efa027-3c09-428a-be7b-a276c960abbf[\r][\n]"
2021-03-17 22:02:24 DEBUG wire:73 -  << "x-amzn-ErrorType: UnauthorizedException[\r][\n]"
2021-03-17 22:02:24 DEBUG wire:73 -  << "x-amz-apigw-id: cXEroFewIAMFa8A=[\r][\n]"
2021-03-17 22:02:24 DEBUG wire:73 -  << "[\r][\n]"
2021-03-17 22:02:24 DEBUG DefaultClientConnection:259 - Receiving response: HTTP/1.1 401 Unauthorized
2021-03-17 22:02:24 DEBUG headers:262 - << HTTP/1.1 401 Unauthorized
2021-03-17 22:02:24 DEBUG headers:265 - << Date: Thu, 18 Mar 2021 02:02:24 GMT
2021-03-17 22:02:24 DEBUG headers:265 - << Content-Type: application/json
2021-03-17 22:02:24 DEBUG headers:265 - << Content-Length: 26
2021-03-17 22:02:24 DEBUG headers:265 - << Connection: keep-alive
2021-03-17 22:02:24 DEBUG headers:265 - << x-amzn-RequestId: 69efa027-3c09-428a-be7b-a276c960abbf
2021-03-17 22:02:24 DEBUG headers:265 - << x-amzn-ErrorType: UnauthorizedException
2021-03-17 22:02:24 DEBUG headers:265 - << x-amz-apigw-id: cXEroFewIAMFa8A=
2021-03-17 22:02:24 DEBUG DefaultHttpClient:509 - Connection can be kept alive indefinitely
2021-03-17 22:02:24 DEBUG DefaultHttpClient:77 - Authentication required
2021-03-17 22:02:24 DEBUG DefaultHttpClient:107 - 5x9m5ed0tj.execute-api.us-east-1.amazonaws.com:443 requested authentication
2021-03-17 22:02:24 DEBUG DefaultHttpClient:111 - Response contains no authentication challenges
2021-03-17 22:02:24 DEBUG RequestSpecificationImpl$RestAssuredHttpBuilder:544 - Parsing response as: application/json
2021-03-17 22:02:24 DEBUG RequestSpecificationImpl$RestAssuredHttpBuilder:547 - Parsed data to instance of: class org.apache.http.conn.EofSensorInputStream
2021-03-17 22:02:24 DEBUG wire:87 -  << "{"message":"Unauthorized"}"
2021-03-17 22:02:24 DEBUG BasicClientConnectionManager:200 - Releasing connection org.apache.http.impl.conn.ManagedClientConnectionImpl@76b74e9c
2021-03-17 22:02:24 DEBUG BasicClientConnectionManager:225 - Connection can be kept alive indefinitely
